E:\Workspace\RajaDev\Dev\MyDev\Angular2Demo\Angular2Demo\src\app\app.component.js
E:\Workspace\RajaDev\Dev\MyDev\Angular2Demo\Angular2Demo\src\app\app.component.js.map
E:\Workspace\RajaDev\Dev\MyDev\Angular2Demo\Angular2Demo\src\app\employee\employee.component.js
E:\Workspace\RajaDev\Dev\MyDev\Angular2Demo\Angular2Demo\src\app\employee\employee.component.js.map
E:\Workspace\RajaDev\Dev\MyDev\Angular2Demo\Angular2Demo\src\app\employee\employee.js
E:\Workspace\RajaDev\Dev\MyDev\Angular2Demo\Angular2Demo\src\app\employee\employee.js.map
E:\Workspace\RajaDev\Dev\MyDev\Angular2Demo\Angular2Demo\src\app\employee\employeeList.component.js
E:\Workspace\RajaDev\Dev\MyDev\Angular2Demo\Angular2Demo\src\app\employee\employeeList.component.js.map
E:\Workspace\RajaDev\Dev\MyDev\Angular2Demo\Angular2Demo\src\app\employee\employeeTitle.pipe.js
E:\Workspace\RajaDev\Dev\MyDev\Angular2Demo\Angular2Demo\src\app\employee\employeeTitle.pipe.js.map
E:\Workspace\RajaDev\Dev\MyDev\Angular2Demo\Angular2Demo\src\app\employee\employeeCount.component.js
E:\Workspace\RajaDev\Dev\MyDev\Angular2Demo\Angular2Demo\src\app\employee\employeeCount.component.js.map
E:\Workspace\RajaDev\Dev\MyDev\Angular2Demo\Angular2Demo\src\app\others\simple.component.js
E:\Workspace\RajaDev\Dev\MyDev\Angular2Demo\Angular2Demo\src\app\others\simple.component.js.map
E:\Workspace\RajaDev\Dev\MyDev\Angular2Demo\Angular2Demo\src\app\app.module.js
E:\Workspace\RajaDev\Dev\MyDev\Angular2Demo\Angular2Demo\src\app\app.module.js.map
E:\Workspace\RajaDev\Dev\MyDev\Angular2Demo\Angular2Demo\src\main.js
E:\Workspace\RajaDev\Dev\MyDev\Angular2Demo\Angular2Demo\src\main.js.map
E:\Workspace\RajaDev\Dev\MyDev\Angular2Demo\Angular2Demo\src\app\app.component.spec.js
E:\Workspace\RajaDev\Dev\MyDev\Angular2Demo\Angular2Demo\src\app\app.component.spec.js.map
